<?xml version="1.0" encoding="UTF-8"?>
<testsuite xmlns:xsi="http://www.w3.org/2001/XMLSchema-instance" xsi:noNamespaceSchemaLocation="https://maven.apache.org/surefire/maven-surefire-plugin/xsd/surefire-test-report.xsd" name="TestSuite" time="0.648" tests="2" errors="0" skipped="0" failures="0">
  <properties>
    <property name="sun.desktop" value="gnome"/>
    <property name="awt.toolkit" value="sun.awt.X11.XToolkit"/>
    <property name="java.specification.version" value="11"/>
    <property name="sun.cpu.isalist" value=""/>
    <property name="automation.qmetry.testrunname" value="testrunname"/>
    <property name="sun.jnu.encoding" value="UTF-8"/>
    <property name="java.class.path" value="/home/i-exceed.com/sriganesh.d/IdeaProjects/XRAY_Test/target/test-classes:/home/i-exceed.com/sriganesh.d/IdeaProjects/XRAY_Test/target/classes:/home/i-exceed.com/sriganesh.d/.m2/repository/org/testng/testng/7.4.0/testng-7.4.0.jar:/home/i-exceed.com/sriganesh.d/.m2/repository/com/beust/jcommander/1.78/jcommander-1.78.jar:/home/i-exceed.com/sriganesh.d/.m2/repository/org/webjars/jquery/3.5.1/jquery-3.5.1.jar:/home/i-exceed.com/sriganesh.d/.m2/repository/io/cucumber/cucumber-testng/7.3.4/cucumber-testng-7.3.4.jar:/home/i-exceed.com/sriganesh.d/.m2/repository/org/apiguardian/apiguardian-api/1.1.2/apiguardian-api-1.1.2.jar:/home/i-exceed.com/sriganesh.d/.m2/repository/io/cucumber/cucumber-core/7.3.4/cucumber-core-7.3.4.jar:/home/i-exceed.com/sriganesh.d/.m2/repository/io/cucumber/cucumber-gherkin/7.3.4/cucumber-gherkin-7.3.4.jar:/home/i-exceed.com/sriganesh.d/.m2/repository/io/cucumber/cucumber-gherkin-messages/7.3.4/cucumber-gherkin-messages-7.3.4.jar:/home/i-exceed.com/sriganesh.d/.m2/repository/io/cucumber/gherkin/23.0.1/gherkin-23.0.1.jar:/home/i-exceed.com/sriganesh.d/.m2/repository/io/cucumber/messages/18.0.0/messages-18.0.0.jar:/home/i-exceed.com/sriganesh.d/.m2/repository/io/cucumber/tag-expressions/4.1.0/tag-expressions-4.1.0.jar:/home/i-exceed.com/sriganesh.d/.m2/repository/io/cucumber/cucumber-expressions/15.1.1/cucumber-expressions-15.1.1.jar:/home/i-exceed.com/sriganesh.d/.m2/repository/io/cucumber/datatable/7.3.4/datatable-7.3.4.jar:/home/i-exceed.com/sriganesh.d/.m2/repository/io/cucumber/cucumber-plugin/7.3.4/cucumber-plugin-7.3.4.jar:/home/i-exceed.com/sriganesh.d/.m2/repository/io/cucumber/docstring/7.3.4/docstring-7.3.4.jar:/home/i-exceed.com/sriganesh.d/.m2/repository/io/cucumber/html-formatter/19.1.0/html-formatter-19.1.0.jar:/home/i-exceed.com/sriganesh.d/.m2/repository/io/cucumber/ci-environment/9.0.4/ci-environment-9.0.4.jar:/home/i-exceed.com/sriganesh.d/.m2/repository/io/cucumber/cucumber-java/7.3.4/cucumber-java-7.3.4.jar:/home/i-exceed.com/sriganesh.d/.m2/repository/junit/junit/4.13.2/junit-4.13.2.jar:/home/i-exceed.com/sriganesh.d/.m2/repository/org/hamcrest/hamcrest-core/1.3/hamcrest-core-1.3.jar:/home/i-exceed.com/sriganesh.d/.m2/repository/org/apache/maven/surefire/surefire-testng-utils/2.22.0/surefire-testng-utils-2.22.0.jar:/home/i-exceed.com/sriganesh.d/.m2/repository/org/apache/maven/surefire/surefire-grouper/2.22.0/surefire-grouper-2.22.0.jar:"/>
    <property name="java.vm.vendor" value="Private Build"/>
    <property name="sun.arch.data.model" value="64"/>
    <property name="java.vendor.url" value="Unknown"/>
    <property name="user.timezone" value=""/>
    <property name="java.vm.specification.version" value="11"/>
    <property name="os.name" value="Linux"/>
    <property name="sun.java.launcher" value="SUN_STANDARD"/>
    <property name="user.country" value="IN"/>
    <property name="sun.boot.library.path" value="/usr/lib/jvm/java-11-openjdk-amd64/lib"/>
    <property name="sun.java.command" value="/home/i-exceed.com/sriganesh.d/IdeaProjects/XRAY_Test/target/surefire/surefirebooter11278655433200908055.jar /home/i-exceed.com/sriganesh.d/IdeaProjects/XRAY_Test/target/surefire 2022-06-08T19-13-35_742-jvmRun1 surefire10231614248118760039tmp surefire_02217281458890423193tmp"/>
    <property name="jdk.debug" value="release"/>
    <property name="surefire.test.class.path" value="/home/i-exceed.com/sriganesh.d/IdeaProjects/XRAY_Test/target/test-classes:/home/i-exceed.com/sriganesh.d/IdeaProjects/XRAY_Test/target/classes:/home/i-exceed.com/sriganesh.d/.m2/repository/org/testng/testng/7.4.0/testng-7.4.0.jar:/home/i-exceed.com/sriganesh.d/.m2/repository/com/beust/jcommander/1.78/jcommander-1.78.jar:/home/i-exceed.com/sriganesh.d/.m2/repository/org/webjars/jquery/3.5.1/jquery-3.5.1.jar:/home/i-exceed.com/sriganesh.d/.m2/repository/io/cucumber/cucumber-testng/7.3.4/cucumber-testng-7.3.4.jar:/home/i-exceed.com/sriganesh.d/.m2/repository/org/apiguardian/apiguardian-api/1.1.2/apiguardian-api-1.1.2.jar:/home/i-exceed.com/sriganesh.d/.m2/repository/io/cucumber/cucumber-core/7.3.4/cucumber-core-7.3.4.jar:/home/i-exceed.com/sriganesh.d/.m2/repository/io/cucumber/cucumber-gherkin/7.3.4/cucumber-gherkin-7.3.4.jar:/home/i-exceed.com/sriganesh.d/.m2/repository/io/cucumber/cucumber-gherkin-messages/7.3.4/cucumber-gherkin-messages-7.3.4.jar:/home/i-exceed.com/sriganesh.d/.m2/repository/io/cucumber/gherkin/23.0.1/gherkin-23.0.1.jar:/home/i-exceed.com/sriganesh.d/.m2/repository/io/cucumber/messages/18.0.0/messages-18.0.0.jar:/home/i-exceed.com/sriganesh.d/.m2/repository/io/cucumber/tag-expressions/4.1.0/tag-expressions-4.1.0.jar:/home/i-exceed.com/sriganesh.d/.m2/repository/io/cucumber/cucumber-expressions/15.1.1/cucumber-expressions-15.1.1.jar:/home/i-exceed.com/sriganesh.d/.m2/repository/io/cucumber/datatable/7.3.4/datatable-7.3.4.jar:/home/i-exceed.com/sriganesh.d/.m2/repository/io/cucumber/cucumber-plugin/7.3.4/cucumber-plugin-7.3.4.jar:/home/i-exceed.com/sriganesh.d/.m2/repository/io/cucumber/docstring/7.3.4/docstring-7.3.4.jar:/home/i-exceed.com/sriganesh.d/.m2/repository/io/cucumber/html-formatter/19.1.0/html-formatter-19.1.0.jar:/home/i-exceed.com/sriganesh.d/.m2/repository/io/cucumber/ci-environment/9.0.4/ci-environment-9.0.4.jar:/home/i-exceed.com/sriganesh.d/.m2/repository/io/cucumber/cucumber-java/7.3.4/cucumber-java-7.3.4.jar:/home/i-exceed.com/sriganesh.d/.m2/repository/junit/junit/4.13.2/junit-4.13.2.jar:/home/i-exceed.com/sriganesh.d/.m2/repository/org/hamcrest/hamcrest-core/1.3/hamcrest-core-1.3.jar:/home/i-exceed.com/sriganesh.d/.m2/repository/org/apache/maven/surefire/surefire-testng-utils/2.22.0/surefire-testng-utils-2.22.0.jar:/home/i-exceed.com/sriganesh.d/.m2/repository/org/apache/maven/surefire/surefire-grouper/2.22.0/surefire-grouper-2.22.0.jar:"/>
    <property name="sun.cpu.endian" value="little"/>
    <property name="user.home" value="/home/i-exceed.com/sriganesh.d"/>
    <property name="user.language" value="en"/>
    <property name="java.specification.vendor" value="Oracle Corporation"/>
    <property name="java.version.date" value="2022-04-19"/>
    <property name="java.home" value="/usr/lib/jvm/java-11-openjdk-amd64"/>
    <property name="file.separator" value="/"/>
    <property name="basedir" value="/home/i-exceed.com/sriganesh.d/IdeaProjects/XRAY_Test"/>
    <property name="java.vm.compressedOopsMode" value="Zero based"/>
    <property name="line.separator" value="&#10;"/>
    <property name="java.specification.name" value="Java Platform API Specification"/>
    <property name="java.vm.specification.vendor" value="Oracle Corporation"/>
    <property name="java.awt.graphicsenv" value="sun.awt.X11GraphicsEnvironment"/>
    <property name="surefire.real.class.path" value="/home/i-exceed.com/sriganesh.d/IdeaProjects/XRAY_Test/target/surefire/surefirebooter11278655433200908055.jar"/>
    <property name="sun.management.compiler" value="HotSpot 64-Bit Tiered Compilers"/>
    <property name="java.runtime.version" value="11.0.15+10-Ubuntu-0ubuntu0.20.04.1"/>
    <property name="user.name" value="sriganesh.d"/>
    <property name="path.separator" value=":"/>
    <property name="os.version" value="5.13.0-40-generic"/>
    <property name="java.runtime.name" value="OpenJDK Runtime Environment"/>
    <property name="file.encoding" value="UTF-8"/>
    <property name="java.vm.name" value="OpenJDK 64-Bit Server VM"/>
    <property name="automation.qmetry.labels" value="l1,l2"/>
    <property name="localRepository" value="/home/i-exceed.com/sriganesh.d/.m2/repository"/>
    <property name="java.vendor.url.bug" value="Unknown"/>
    <property name="java.io.tmpdir" value="/tmp"/>
    <property name="java.version" value="11.0.15"/>
    <property name="user.dir" value="/home/i-exceed.com/sriganesh.d/IdeaProjects/XRAY_Test"/>
    <property name="os.arch" value="amd64"/>
    <property name="java.vm.specification.name" value="Java Virtual Machine Specification"/>
    <property name="java.awt.printerjob" value="sun.print.PSPrinterJob"/>
    <property name="sun.os.patch.level" value="unknown"/>
    <property name="java.library.path" value="/usr/java/packages/lib:/usr/lib/x86_64-linux-gnu/jni:/lib/x86_64-linux-gnu:/usr/lib/x86_64-linux-gnu:/usr/lib/jni:/lib:/usr/lib"/>
    <property name="java.vm.info" value="mixed mode, sharing"/>
    <property name="java.vendor" value="Private Build"/>
    <property name="java.vm.version" value="11.0.15+10-Ubuntu-0ubuntu0.20.04.1"/>
    <property name="sun.io.unicode.encoding" value="UnicodeLittle"/>
    <property name="java.class.version" value="55.0"/>
  </properties>
  <testcase name="runScenario" classname="Runner.TestRunner" time="0.045"/>
  <testcase name="startup" classname="SampleTest" time="0"/>
</testsuite>