<?xml version="1.0" encoding="UTF-8"?>
<!-- Generated by org.testng.reporters.JUnitReportReporter -->
<testsuite hostname="IXEDLAP00469" failures="0" tests="1" name="SampleTest" time="0.001" errors="0" timestamp="2022-06-08T19:13:36 IST" skipped="0">
  <testcase classname="SampleTest" name="startup" time="0.001"/>
  <system-out/>
</testsuite> <!-- SampleTest -->
