<?xml version="1.0" encoding="UTF-8"?>
<!-- Generated by org.testng.reporters.JUnitReportReporter -->
<testsuite hostname="IXEDLAP00469" failures="0" tests="1" name="Runner.TestRunner" time="0.044" errors="0" timestamp="2022-06-08T19:13:36 IST" skipped="0">
  <testcase classname="Runner.TestRunner" name="runScenario" time="0.044"/>
  <system-out/>
</testsuite> <!-- Runner.TestRunner -->
